0 info it worked if it ends with ok
1 verbose cli [ 'C:\\Program Files\\nodejs\\node.exe',
1 verbose cli   'C:\\Users\\Zhenya\\AppData\\Roaming\\npm\\node_modules\\npm\\bin\\npm-cli.js',
1 verbose cli   'run',
1 verbose cli   'test:watch' ]
2 info using npm@2.15.10
3 info using node@v4.5.0
4 verbose run-script [ 'pretest:watch', 'test:watch', 'posttest:watch' ]
5 info pretest:watch library-watch@0.11.0
6 info test:watch library-watch@0.11.0
7 verbose unsafe-perm in lifecycle true
8 info library-watch@0.11.0 Failed to exec test:watch script
9 verbose stack Error: library-watch@0.11.0 test:watch: `npm run test -- --watch`
9 verbose stack Exit status 1
9 verbose stack     at EventEmitter.<anonymous> (C:\Users\Zhenya\AppData\Roaming\npm\node_modules\npm\lib\utils\lifecycle.js:217:16)
9 verbose stack     at emitTwo (events.js:87:13)
9 verbose stack     at EventEmitter.emit (events.js:172:7)
9 verbose stack     at ChildProcess.<anonymous> (C:\Users\Zhenya\AppData\Roaming\npm\node_modules\npm\lib\utils\spawn.js:24:14)
9 verbose stack     at emitTwo (events.js:87:13)
9 verbose stack     at ChildProcess.emit (events.js:172:7)
9 verbose stack     at maybeClose (internal/child_process.js:829:16)
9 verbose stack     at Process.ChildProcess._handle.onexit (internal/child_process.js:211:5)
10 verbose pkgid library-watch@0.11.0
11 verbose cwd D:\_Dev\_React\_Library_Watch
12 error Windows_NT 6.3.9600
13 error argv "C:\\Program Files\\nodejs\\node.exe" "C:\\Users\\Zhenya\\AppData\\Roaming\\npm\\node_modules\\npm\\bin\\npm-cli.js" "run" "test:watch"
14 error node v4.5.0
15 error npm  v2.15.10
16 error code ELIFECYCLE
17 error library-watch@0.11.0 test:watch: `npm run test -- --watch`
17 error Exit status 1
18 error Failed at the library-watch@0.11.0 test:watch script 'npm run test -- --watch'.
18 error This is most likely a problem with the library-watch package,
18 error not with npm itself.
18 error Tell the author that this fails on your system:
18 error     npm run test -- --watch
18 error You can get information on how to open an issue for this project with:
18 error     npm bugs library-watch
18 error Or if that isn't available, you can get their info via:
18 error
18 error     npm owner ls library-watch
18 error There is likely additional logging output above.
19 verbose exit [ 1, true ]
